<?xml version="1.0" encoding="UTF-8"?>
<testsuite name="org.pitest.mutationtest.engine.gregor.mutators.RemoveConditionalMutatorTest" time="5.801" tests="69" errors="0" skipped="0" failures="0">
  <properties>
    <property name="java.runtime.name" value="Java(TM) SE Runtime Environment"/>
    <property name="sun.boot.library.path" value="C:\Program Files\Java\jdk1.8.0_131\jre\bin"/>
    <property name="java.vm.version" value="25.131-b11"/>
    <property name="java.vm.vendor" value="Oracle Corporation"/>
    <property name="java.vendor.url" value="http://java.oracle.com/"/>
    <property name="path.separator" value=";"/>
    <property name="guice.disable.misplaced.annotation.check" value="true"/>
    <property name="java.vm.name" value="Java HotSpot(TM) 64-Bit Server VM"/>
    <property name="file.encoding.pkg" value="sun.io"/>
    <property name="user.script" value=""/>
    <property name="user.country" value="US"/>
    <property name="sun.java.launcher" value="SUN_STANDARD"/>
    <property name="sun.os.patch.level" value=""/>
    <property name="java.vm.specification.name" value="Java Virtual Machine Specification"/>
    <property name="user.dir" value="C:\Users\Sam Benton&apos;s PC\Documents\GitHub\Pitest-Augmentation-Project\pitest"/>
    <property name="java.runtime.version" value="1.8.0_131-b11"/>
    <property name="java.awt.graphicsenv" value="sun.awt.Win32GraphicsEnvironment"/>
    <property name="java.endorsed.dirs" value="C:\Program Files\Java\jdk1.8.0_131\jre\lib\endorsed"/>
    <property name="os.arch" value="amd64"/>
    <property name="java.io.tmpdir" value="C:\Users\SAMBEN~1\AppData\Local\Temp\"/>
    <property name="line.separator" value="&#10;"/>
    <property name="java.vm.specification.vendor" value="Oracle Corporation"/>
    <property name="user.variant" value=""/>
    <property name="os.name" value="Windows 10"/>
    <property name="maven.ext.class.path" value="C:\Program Files\NetBeans 8.0.2\java\maven-nblib\netbeans-eventspy.jar"/>
    <property name="classworlds.conf" value="C:\Program Files\NetBeans 8.0.2\java\maven\bin\m2.conf"/>
    <property name="sun.jnu.encoding" value="Cp1252"/>
    <property name="java.library.path" value="C:\Program Files\Java\jdk1.8.0_131\bin;C:\Windows\Sun\Java\bin;C:\Windows\system32;C:\Windows;C:\Program Files (x86)\Intel\iCLS Client\;C:\Program Files\Intel\iCLS Client\;C:\Windows\system32;C:\Windows;C:\Windows\System32\Wbem;C:\Windows\System32\WindowsPowerShell\v1.0\;C:\Program Files (x86)\Intel\Intel(R) Management Engine Components\DAL;C:\Program Files\Intel\Intel(R) Management Engine Components\DAL;C:\Program Files (x86)\Intel\Intel(R) Management Engine Components\IPT;C:\Program Files\Intel\Intel(R) Management Engine Components\IPT;C:\Program Files (x86)\NVIDIA Corporation\PhysX\Common;C:\Program Files\Intel\WiFi\bin\;C:\Program Files\Common Files\Intel\WirelessCommon\;C:\Program Files\dotnet\;C:\Program Files (x86)\Xoreax\IncrediBuild;C:\Program Files\Git\cmd;C:\Program Files (x86)\Java\jdk1.8.0_131\bin;C:\Users\Sam Benton&apos;s PC\AppData\Local\Microsoft\WindowsApps;C:\Program Files\Intel\WiFi\bin\;C:\Program Files\Common Files\Intel\WirelessCommon\;."/>
    <property name="java.specification.name" value="Java Platform API Specification"/>
    <property name="java.class.version" value="52.0"/>
    <property name="sun.management.compiler" value="HotSpot 64-Bit Tiered Compilers"/>
    <property name="os.version" value="10.0"/>
    <property name="user.home" value="C:\Users\Sam Benton&apos;s PC"/>
    <property name="user.timezone" value="America/Chicago"/>
    <property name="java.awt.printerjob" value="sun.awt.windows.WPrinterJob"/>
    <property name="java.specification.version" value="1.8"/>
    <property name="file.encoding" value="UTF-8"/>
    <property name="user.name" value="Sam Benton&apos;s PC"/>
    <property name="java.class.path" value="C:\Program Files\NetBeans 8.0.2\java\maven\boot\plexus-classworlds-2.4.jar"/>
    <property name="java.vm.specification.version" value="1.8"/>
    <property name="sun.arch.data.model" value="64"/>
    <property name="java.home" value="C:\Program Files\Java\jdk1.8.0_131\jre"/>
    <property name="sun.java.command" value="org.codehaus.plexus.classworlds.launcher.Launcher -Dmaven.ext.class.path=C:\Program Files\NetBeans 8.0.2\java\maven-nblib\netbeans-eventspy.jar -Dfile.encoding=UTF-8 install"/>
    <property name="java.specification.vendor" value="Oracle Corporation"/>
    <property name="user.language" value="en"/>
    <property name="awt.toolkit" value="sun.awt.windows.WToolkit"/>
    <property name="java.vm.info" value="mixed mode"/>
    <property name="java.version" value="1.8.0_131"/>
    <property name="java.ext.dirs" value="C:\Program Files\Java\jdk1.8.0_131\jre\lib\ext;C:\Windows\Sun\Java\lib\ext"/>
    <property name="sun.boot.class.path" value="C:\Program Files\Java\jdk1.8.0_131\jre\lib\resources.jar;C:\Program Files\Java\jdk1.8.0_131\jre\lib\rt.jar;C:\Program Files\Java\jdk1.8.0_131\jre\lib\sunrsasign.jar;C:\Program Files\Java\jdk1.8.0_131\jre\lib\jsse.jar;C:\Program Files\Java\jdk1.8.0_131\jre\lib\jce.jar;C:\Program Files\Java\jdk1.8.0_131\jre\lib\charsets.jar;C:\Program Files\Java\jdk1.8.0_131\jre\lib\jfr.jar;C:\Program Files\Java\jdk1.8.0_131\jre\classes"/>
    <property name="java.vendor" value="Oracle Corporation"/>
    <property name="maven.home" value="C:\Program Files\NetBeans 8.0.2\java\maven"/>
    <property name="file.separator" value="\"/>
    <property name="java.vendor.url.bug" value="http://bugreport.sun.com/bugreport/"/>
    <property name="sun.cpu.endian" value="little"/>
    <property name="sun.io.unicode.encoding" value="UnicodeLittle"/>
    <property name="sun.desktop" value="windows"/>
    <property name="sun.cpu.isalist" value="amd64"/>
  </properties>
  <testcase name="shouldNotReplaceIFLE_EQUAL_F" classname="org.pitest.mutationtest.engine.gregor.mutators.RemoveConditionalMutatorTest" time="0.031"/>
  <testcase name="shouldNotReplaceIFLE_EQUAL_T" classname="org.pitest.mutationtest.engine.gregor.mutators.RemoveConditionalMutatorTest" time="0.047"/>
  <testcase name="shouldReplaceIF_ACMPNE_EQUAL_F" classname="org.pitest.mutationtest.engine.gregor.mutators.RemoveConditionalMutatorTest" time="0.109"/>
  <testcase name="shouldReplaceIF_ACMPNE_EQUAL_T" classname="org.pitest.mutationtest.engine.gregor.mutators.RemoveConditionalMutatorTest" time="0.125"/>
  <testcase name="shouldReplaceIF_ICMPNE_EQUAL_F" classname="org.pitest.mutationtest.engine.gregor.mutators.RemoveConditionalMutatorTest" time="0.172"/>
  <testcase name="shouldReplaceIF_ICMPNE_EQUAL_T" classname="org.pitest.mutationtest.engine.gregor.mutators.RemoveConditionalMutatorTest" time="0.156"/>
  <testcase name="shouldReplaceIF_ACMPNE_ORDER_F" classname="org.pitest.mutationtest.engine.gregor.mutators.RemoveConditionalMutatorTest" time="0.047"/>
  <testcase name="shouldReplaceIF_ACMPNE_ORDER_T" classname="org.pitest.mutationtest.engine.gregor.mutators.RemoveConditionalMutatorTest" time="0.031"/>
  <testcase name="shouldReplaceIFEQ_EQUAL_F" classname="org.pitest.mutationtest.engine.gregor.mutators.RemoveConditionalMutatorTest" time="0.11"/>
  <testcase name="shouldReplaceIFEQ_EQUAL_T" classname="org.pitest.mutationtest.engine.gregor.mutators.RemoveConditionalMutatorTest" time="0.125"/>
  <testcase name="shouldDescribeReplacementOfOrderCheckWithFalse" classname="org.pitest.mutationtest.engine.gregor.mutators.RemoveConditionalMutatorTest" time="0.031"/>
  <testcase name="shouldReplaceIFGE_ORDER_F" classname="org.pitest.mutationtest.engine.gregor.mutators.RemoveConditionalMutatorTest" time="0.109"/>
  <testcase name="shouldReplaceIFGE_ORDER_T" classname="org.pitest.mutationtest.engine.gregor.mutators.RemoveConditionalMutatorTest" time="0.125"/>
  <testcase name="shouldReplaceIF_ICMPNE_ORDER_F" classname="org.pitest.mutationtest.engine.gregor.mutators.RemoveConditionalMutatorTest" time="0.033"/>
  <testcase name="shouldReplaceIF_ICMPNE_ORDER_T" classname="org.pitest.mutationtest.engine.gregor.mutators.RemoveConditionalMutatorTest" time="0.032"/>
  <testcase name="shouldReplaceIF_ICMPGT_ORDER_F" classname="org.pitest.mutationtest.engine.gregor.mutators.RemoveConditionalMutatorTest" time="0.172"/>
  <testcase name="shouldReplaceIF_ICMPGT_ORDER_T" classname="org.pitest.mutationtest.engine.gregor.mutators.RemoveConditionalMutatorTest" time="0.171"/>
  <testcase name="shouldNotReplaceIF_ICMPGE_EQUAL_F" classname="org.pitest.mutationtest.engine.gregor.mutators.RemoveConditionalMutatorTest" time="0.047"/>
  <testcase name="shouldNotReplaceIF_ICMPGE_EQUAL_T" classname="org.pitest.mutationtest.engine.gregor.mutators.RemoveConditionalMutatorTest" time="0.032"/>
  <testcase name="shouldReplaceIFNULL_EQUAL_F" classname="org.pitest.mutationtest.engine.gregor.mutators.RemoveConditionalMutatorTest" time="0.109"/>
  <testcase name="shouldReplaceIFNULL_EQUAL_T" classname="org.pitest.mutationtest.engine.gregor.mutators.RemoveConditionalMutatorTest" time="0.125"/>
  <testcase name="shouldNotReplaceIFGE_EQUAL_F" classname="org.pitest.mutationtest.engine.gregor.mutators.RemoveConditionalMutatorTest" time="0.047"/>
  <testcase name="shouldNotReplaceIFGE_EQUAL_T" classname="org.pitest.mutationtest.engine.gregor.mutators.RemoveConditionalMutatorTest" time="0.031"/>
  <testcase name="shouldReplaceIF_ICMPLE_ORDER_F" classname="org.pitest.mutationtest.engine.gregor.mutators.RemoveConditionalMutatorTest" time="0.172"/>
  <testcase name="shouldReplaceIF_ICMPLE_ORDER_T" classname="org.pitest.mutationtest.engine.gregor.mutators.RemoveConditionalMutatorTest" time="0.172"/>
  <testcase name="shouldReplaceIFNULL_ORDER_F" classname="org.pitest.mutationtest.engine.gregor.mutators.RemoveConditionalMutatorTest" time="0.031"/>
  <testcase name="shouldReplaceIFNULL_ORDER_T" classname="org.pitest.mutationtest.engine.gregor.mutators.RemoveConditionalMutatorTest" time="0.047"/>
  <testcase name="shouldNotReplaceIFEQ_ORDER_F" classname="org.pitest.mutationtest.engine.gregor.mutators.RemoveConditionalMutatorTest" time="0.031"/>
  <testcase name="shouldNotReplaceIFEQ_ORDER_T" classname="org.pitest.mutationtest.engine.gregor.mutators.RemoveConditionalMutatorTest" time="0.032"/>
  <testcase name="shouldReplaceIF_ACMPEQ_EQUAL_F" classname="org.pitest.mutationtest.engine.gregor.mutators.RemoveConditionalMutatorTest" time="0.125"/>
  <testcase name="shouldReplaceIF_ACMPEQ_EQUAL_T" classname="org.pitest.mutationtest.engine.gregor.mutators.RemoveConditionalMutatorTest" time="0.109"/>
  <testcase name="shouldReplaceIF_ICMPEQ_EQUAL_F" classname="org.pitest.mutationtest.engine.gregor.mutators.RemoveConditionalMutatorTest" time="0.165"/>
  <testcase name="shouldReplaceIF_ICMPEQ_EQUAL_T" classname="org.pitest.mutationtest.engine.gregor.mutators.RemoveConditionalMutatorTest" time="0.172"/>
  <testcase name="shouldReplaceIF_ACMPEQ_ORDER_F" classname="org.pitest.mutationtest.engine.gregor.mutators.RemoveConditionalMutatorTest" time="0.031"/>
  <testcase name="shouldReplaceIF_ACMPEQ_ORDER_T" classname="org.pitest.mutationtest.engine.gregor.mutators.RemoveConditionalMutatorTest" time="0.031"/>
  <testcase name="shouldReplaceIF_ICMPGE_ORDER_F" classname="org.pitest.mutationtest.engine.gregor.mutators.RemoveConditionalMutatorTest" time="0.172"/>
  <testcase name="shouldReplaceIF_ICMPGE_ORDER_T" classname="org.pitest.mutationtest.engine.gregor.mutators.RemoveConditionalMutatorTest" time="0.172"/>
  <testcase name="shouldReplaceIF_ICMPEQ_ORDER_F" classname="org.pitest.mutationtest.engine.gregor.mutators.RemoveConditionalMutatorTest" time="0.042"/>
  <testcase name="shouldReplaceIF_ICMPEQ_ORDER_T" classname="org.pitest.mutationtest.engine.gregor.mutators.RemoveConditionalMutatorTest" time="0.031"/>
  <testcase name="shouldReplaceIFLT_ORDER_T" classname="org.pitest.mutationtest.engine.gregor.mutators.RemoveConditionalMutatorTest" time="0.11"/>
  <testcase name="shouldDescribeReplacementOfOrderCheckWithTrue" classname="org.pitest.mutationtest.engine.gregor.mutators.RemoveConditionalMutatorTest" time="0.047"/>
  <testcase name="shouldNotReplaceIF_ICMPLT_EQUAL_F" classname="org.pitest.mutationtest.engine.gregor.mutators.RemoveConditionalMutatorTest" time="0.031"/>
  <testcase name="shouldNotReplaceIF_ICMPLT_EQUAL_T" classname="org.pitest.mutationtest.engine.gregor.mutators.RemoveConditionalMutatorTest" time="0.031"/>
  <testcase name="shouldNotReplaceIFLT_EQUAL_F" classname="org.pitest.mutationtest.engine.gregor.mutators.RemoveConditionalMutatorTest" time="0.047"/>
  <testcase name="shouldNotReplaceIFLT_EQUAL_T" classname="org.pitest.mutationtest.engine.gregor.mutators.RemoveConditionalMutatorTest" time="0.031"/>
  <testcase name="shouldReplaceIFNONNULL_EQUAL_F" classname="org.pitest.mutationtest.engine.gregor.mutators.RemoveConditionalMutatorTest" time="0.11"/>
  <testcase name="shouldReplaceIFNONNULL_EQUAL_T" classname="org.pitest.mutationtest.engine.gregor.mutators.RemoveConditionalMutatorTest" time="0.125"/>
  <testcase name="shouldReplaceIFNE_EQUAL_F" classname="org.pitest.mutationtest.engine.gregor.mutators.RemoveConditionalMutatorTest" time="0.108"/>
  <testcase name="shouldReplaceIFNE_EQUAL_T" classname="org.pitest.mutationtest.engine.gregor.mutators.RemoveConditionalMutatorTest" time="0.109"/>
  <testcase name="shouldDescribeReplacementOfEqualityChecksWithFalse" classname="org.pitest.mutationtest.engine.gregor.mutators.RemoveConditionalMutatorTest" time="0.047"/>
  <testcase name="shouldProvideAMeaningfulName" classname="org.pitest.mutationtest.engine.gregor.mutators.RemoveConditionalMutatorTest" time="0"/>
  <testcase name="shouldReplaceIFNONNULL_ORDER_F" classname="org.pitest.mutationtest.engine.gregor.mutators.RemoveConditionalMutatorTest" time="0.031"/>
  <testcase name="shouldReplaceIFNONNULL_ORDER_T" classname="org.pitest.mutationtest.engine.gregor.mutators.RemoveConditionalMutatorTest" time="0.047"/>
  <testcase name="shouldReplaceIFNE_ORDER_F" classname="org.pitest.mutationtest.engine.gregor.mutators.RemoveConditionalMutatorTest" time="0.031"/>
  <testcase name="shouldReplaceIFNE_ORDER_T" classname="org.pitest.mutationtest.engine.gregor.mutators.RemoveConditionalMutatorTest" time="0.031"/>
  <testcase name="shouldReplaceIFGT_ORDER_F" classname="org.pitest.mutationtest.engine.gregor.mutators.RemoveConditionalMutatorTest" time="0.11"/>
  <testcase name="shouldReplaceIFGT_ORDER_T" classname="org.pitest.mutationtest.engine.gregor.mutators.RemoveConditionalMutatorTest" time="0.109"/>
  <testcase name="shouldNotReplaceIF_ICMPGT_EQUAL_F" classname="org.pitest.mutationtest.engine.gregor.mutators.RemoveConditionalMutatorTest" time="0.047"/>
  <testcase name="shouldNotReplaceIF_ICMPGT_EQUAL_T" classname="org.pitest.mutationtest.engine.gregor.mutators.RemoveConditionalMutatorTest" time="0.031"/>
  <testcase name="shouldReplaceIFLT_ORDER_T_F" classname="org.pitest.mutationtest.engine.gregor.mutators.RemoveConditionalMutatorTest" time="0.125"/>
  <testcase name="shouldReplaceIFLE_ORDER_F" classname="org.pitest.mutationtest.engine.gregor.mutators.RemoveConditionalMutatorTest" time="0.11"/>
  <testcase name="shouldReplaceIFLE_ORDER_T" classname="org.pitest.mutationtest.engine.gregor.mutators.RemoveConditionalMutatorTest" time="0.109"/>
  <testcase name="shouldNotReplaceIFGT_EQUAL_F" classname="org.pitest.mutationtest.engine.gregor.mutators.RemoveConditionalMutatorTest" time="0.047"/>
  <testcase name="shouldNotReplaceIFGT_EQUAL_T" classname="org.pitest.mutationtest.engine.gregor.mutators.RemoveConditionalMutatorTest" time="0.031"/>
  <testcase name="shouldReplaceIF_ICMPLT_ORDER_F" classname="org.pitest.mutationtest.engine.gregor.mutators.RemoveConditionalMutatorTest" time="0.313"/>
  <testcase name="shouldReplaceIF_ICMPLT_ORDER_T" classname="org.pitest.mutationtest.engine.gregor.mutators.RemoveConditionalMutatorTest" time="0.172"/>
  <testcase name="shouldNotReplaceIF_ICMPLE_EQUAL_F" classname="org.pitest.mutationtest.engine.gregor.mutators.RemoveConditionalMutatorTest" time="0.031"/>
  <testcase name="shouldNotReplaceIF_ICMPLE_EQUAL_T" classname="org.pitest.mutationtest.engine.gregor.mutators.RemoveConditionalMutatorTest" time="0.031"/>
  <testcase name="shouldDescribeReplacementOfEqualityChecksWithTrue" classname="org.pitest.mutationtest.engine.gregor.mutators.RemoveConditionalMutatorTest" time="0.047"/>
</testsuite>